<?xml version="1.0" encoding="UTF-8"?>
<!-- Generated by org.testng.reporters.JUnitReportReporter -->
<testsuite hostname="DESKTOP-EA7D6FA" failures="0" tests="1" name="TestFiles.TestFile" time="4.121" errors="0" timestamp="2023-05-27T02:56:28 GMT" skipped="0">
  <testcase classname="TestFiles.TestFile" name="test002" time="4.121"/>
  <system-out>
    <![CDATA[Navigating to http://localhost/liquor/index.php]]>
  </system-out>
</testsuite> <!-- TestFiles.TestFile -->
